<?xml version="1.0" encoding="UTF-8"?>
<testsuite xmlns:xsi="http://www.w3.org/2001/XMLSchema-instance" xsi:noNamespaceSchemaLocation="https://maven.apache.org/surefire/maven-surefire-plugin/xsd/surefire-test-report-3.0.xsd" version="3.0" name="com.hitwhiot.NB_Light.StreetLight.ProtocolServiceImplTest" time="0.232" tests="4" errors="0" skipped="0" failures="0">
  <properties>
[...]
</properties>
  <testcase name="testDecodeDeviceReportData" classname="com.hitwhiot.NB_Light.StreetLight.ProtocolServiceImplTest" time="0.175"/>
  <testcase name="testDecodeDeviceResponseIoT" classname="com.hitwhiot.NB_Light.StreetLight.ProtocolServiceImplTest" time="0.003"/>
  <testcase name="testEncodeIoTSendCommand" classname="com.hitwhiot.NB_Light.StreetLight.ProtocolServiceImplTest" time="0.001"/>
  <testcase name="testEncodeIoTResponseDevice" classname="com.hitwhiot.NB_Light.StreetLight.ProtocolServiceImplTest" time="0.002"/>
</testsuite>